This is pdfTeX, Version 3.141592653-2.6-1.40.23 (TeX Live 2021/W32TeX) (preloaded format=pdflatex 2021.10.11)  28 OCT 2021 15:12
entering extended mode
 restricted \write18 enabled.
 file:line:error style messages enabled.
 %&-line parsing enabled.
**c:/Users/Alexa/OneDrive/Documents/GitHub/SOEN331/assignment2/assignment2.tex
(c:/Users/Alexa/OneDrive/Documents/GitHub/SOEN331/assignment2/assignment2.tex
LaTeX2e <2021-06-01> patch level 1
L3 programming layer <2021-08-27> (c:/texlive/2021/texmf-dist/tex/latex/base/article.cls
Document Class: article 2021/02/12 v1.4n Standard LaTeX document class
(c:/texlive/2021/texmf-dist/tex/latex/base/size12.clo
File: size12.clo 2021/02/12 v1.4n Standard LaTeX file (size option)
)
\c@part=\count182
\c@section=\count183
\c@subsection=\count184
\c@subsubsection=\count185
\c@paragraph=\count186
\c@subparagraph=\count187
\c@figure=\count188
\c@table=\count189
\abovecaptionskip=\skip47
\belowcaptionskip=\skip48
\bibindent=\dimen138
) (c:/texlive/2021/texmf-dist/tex/latex/geometry/geometry.sty
Package: geometry 2020/01/02 v5.9 Page Geometry
 (c:/texlive/2021/texmf-dist/tex/latex/graphics/keyval.sty
Package: keyval 2014/10/28 v1.15 key=value parser (DPC)
\KV@toks@=\toks16
) (c:/texlive/2021/texmf-dist/tex/generic/iftex/ifvtex.sty
Package: ifvtex 2019/10/25 v1.7 ifvtex legacy package. Use iftex instead.
 (c:/texlive/2021/texmf-dist/tex/generic/iftex/iftex.sty
Package: iftex 2020/03/06 v1.0d TeX engine tests
))
\Gm@cnth=\count190
\Gm@cntv=\count191
\c@Gm@tempcnt=\count192
\Gm@bindingoffset=\dimen139
\Gm@wd@mp=\dimen140
\Gm@odd@mp=\dimen141
\Gm@even@mp=\dimen142
\Gm@layoutwidth=\dimen143
\Gm@layoutheight=\dimen144
\Gm@layouthoffset=\dimen145
\Gm@layoutvoffset=\dimen146
\Gm@dimlist=\toks17
) (c:/texlive/2021/texmf-dist/tex/latex/base/alltt.sty
Package: alltt 2021/01/29 v2.0g defines alltt environment
) (c:/texlive/2021/texmf-dist/tex/latex/tools/array.sty
Package: array 2021/04/20 v2.5e Tabular extension package (FMi)
\col@sep=\dimen147
\ar@mcellbox=\box50
\extrarowheight=\dimen148
\NC@list=\toks18
\extratabsurround=\skip49
\backup@length=\skip50
\ar@cellbox=\box51
) (c:/texlive/2021/texmf-dist/tex/latex/graphics/graphicx.sty
Package: graphicx 2020/12/05 v1.2c Enhanced LaTeX Graphics (DPC,SPQR)
 (c:/texlive/2021/texmf-dist/tex/latex/graphics/graphics.sty
Package: graphics 2021/03/04 v1.4d Standard LaTeX Graphics (DPC,SPQR)
 (c:/texlive/2021/texmf-dist/tex/latex/graphics/trig.sty
Package: trig 2016/01/03 v1.10 sin cos tan (DPC)
) (c:/texlive/2021/texmf-dist/tex/latex/graphics-cfg/graphics.cfg
File: graphics.cfg 2016/06/04 v1.11 sample graphics configuration
)
Package graphics Info: Driver file: pdftex.def on input line 107.
 (c:/texlive/2021/texmf-dist/tex/latex/graphics-def/pdftex.def
File: pdftex.def 2020/10/05 v1.2a Graphics/color driver for pdftex
))
\Gin@req@height=\dimen149
\Gin@req@width=\dimen150
) (c:/texlive/2021/texmf-dist/tex/latex/tools/tabularx.sty
Package: tabularx 2020/01/15 v2.11c `tabularx' package (DPC)
\TX@col@width=\dimen151
\TX@old@table=\dimen152
\TX@old@col=\dimen153
\TX@target=\dimen154
\TX@delta=\dimen155
\TX@cols=\count193
\TX@ftn=\toks19
) (c:/texlive/2021/texmf-dist/tex/latex/tools/verbatim.sty
Package: verbatim 2020-07-07 v1.5u LaTeX2e package for verbatim enhancements
\every@verbatim=\toks20
\verbatim@line=\toks21
\verbatim@in@stream=\read2
) (c:/texlive/2021/texmf-dist/tex/latex/setspace/setspace.sty
Package: setspace 2011/12/19 v6.7a set line spacing
) (c:/texlive/2021/texmf-dist/tex/latex/listings/listings.sty
\lst@mode=\count194
\lst@gtempboxa=\box52
\lst@token=\toks22
\lst@length=\count195
\lst@currlwidth=\dimen156
\lst@column=\count196
\lst@pos=\count197
\lst@lostspace=\dimen157
\lst@width=\dimen158
\lst@newlines=\count198
\lst@lineno=\count199
\lst@maxwidth=\dimen159
 (c:/texlive/2021/texmf-dist/tex/latex/listings/lstmisc.sty
File: lstmisc.sty 2020/03/24 1.8d (Carsten Heinz)
\c@lstnumber=\count266
\lst@skipnumbers=\count267
\lst@framebox=\box53
) (c:/texlive/2021/texmf-dist/tex/latex/listings/listings.cfg
File: listings.cfg 2020/03/24 1.8d listings configuration
))
Package: listings 2020/03/24 1.8d (Carsten Heinz)
 (c:/texlive/2021/texmf-dist/tex/latex/amsfonts/amssymb.sty
Package: amssymb 2013/01/14 v3.01 AMS font symbols
 (c:/texlive/2021/texmf-dist/tex/latex/amsfonts/amsfonts.sty
Package: amsfonts 2013/01/14 v3.01 Basic AMSFonts support
\@emptytoks=\toks23
\symAMSa=\mathgroup4
\symAMSb=\mathgroup5
LaTeX Font Info:    Redeclaring math symbol \hbar on input line 98.
LaTeX Font Info:    Overwriting math alphabet `\mathfrak' in version `bold'
(Font)                  U/euf/m/n --> U/euf/b/n on input line 106.
)) (c:/texlive/2021/texmf-dist/tex/latex/amsmath/amsmath.sty
Package: amsmath 2021/04/20 v2.17j AMS math features
\@mathmargin=\skip51

For additional information on amsmath, use the `?' option.
(c:/texlive/2021/texmf-dist/tex/latex/amsmath/amstext.sty
Package: amstext 2000/06/29 v2.01 AMS text
 (c:/texlive/2021/texmf-dist/tex/latex/amsmath/amsgen.sty
File: amsgen.sty 1999/11/30 v2.0 generic functions
\@emptytoks=\toks24
\ex@=\dimen160
)) (c:/texlive/2021/texmf-dist/tex/latex/amsmath/amsbsy.sty
Package: amsbsy 1999/11/29 v1.2d Bold Symbols
\pmbraise@=\dimen161
) (c:/texlive/2021/texmf-dist/tex/latex/amsmath/amsopn.sty
Package: amsopn 2016/03/08 v2.02 operator names
)
\inf@bad=\count268
LaTeX Info: Redefining \frac on input line 234.
\uproot@=\count269
\leftroot@=\count270
LaTeX Info: Redefining \overline on input line 399.
\classnum@=\count271
\DOTSCASE@=\count272
LaTeX Info: Redefining \ldots on input line 496.
LaTeX Info: Redefining \dots on input line 499.
LaTeX Info: Redefining \cdots on input line 620.
\Mathstrutbox@=\box54
\strutbox@=\box55
\big@size=\dimen162
LaTeX Font Info:    Redeclaring font encoding OML on input line 743.
LaTeX Font Info:    Redeclaring font encoding OMS on input line 744.
\macc@depth=\count273
\c@MaxMatrixCols=\count274
\dotsspace@=\muskip16
\c@parentequation=\count275
\dspbrk@lvl=\count276
\tag@help=\toks25
\row@=\count277
\column@=\count278
\maxfields@=\count279
\andhelp@=\toks26
\eqnshift@=\dimen163
\alignsep@=\dimen164
\tagshift@=\dimen165
\tagwidth@=\dimen166
\totwidth@=\dimen167
\lineht@=\dimen168
\@envbody=\toks27
\multlinegap=\skip52
\multlinetaggap=\skip53
\mathdisplay@stack=\toks28
LaTeX Info: Redefining \[ on input line 2923.
LaTeX Info: Redefining \] on input line 2924.
) (c:/texlive/2021/texmf-dist/tex/latex/amscls/amsthm.sty
Package: amsthm 2020/05/29 v2.20.6
\thm@style=\toks29
\thm@bodyfont=\toks30
\thm@headfont=\toks31
\thm@notefont=\toks32
\thm@headpunct=\toks33
\thm@preskip=\skip54
\thm@postskip=\skip55
\thm@headsep=\skip56
\dth@everypar=\toks34
) (c:/texlive/2021/texmf-dist/tex/latex/qtree/qtree.sty
Package: 2008/12/12 v.3.1bQtree: tree-drawing for linguistics
Package: qtree 2008/12/12 v.3.1bQtree: tree-drawing for linguistics
(c:/texlive/2021/texmf-dist/tex/latex/pict2e/pict2e.sty
Package: pict2e 2020/09/30 v0.4b Improved picture commands (HjG,RN,JT)
 (c:/texlive/2021/texmf-dist/tex/latex/pict2e/pict2e.cfg
File: pict2e.cfg 2016/02/05 v0.1u pict2e configuration for teTeX/TeXLive
)
Package pict2e Info: Driver file: pdftex.def on input line 112.
Package pict2e Info: Driver file for pict2e: p2e-pdftex.def on input line 114.
 (c:/texlive/2021/texmf-dist/tex/latex/pict2e/p2e-pdftex.def
File: p2e-pdftex.def 2016/02/05 v0.1u Driver-dependant file (RN,HjG,JT)
)
\pIIe@GRAPH=\toks35
\@arclen=\dimen169
\@arcrad=\dimen170
\pIIe@tempdima=\dimen171
\pIIe@tempdimb=\dimen172
\pIIe@tempdimc=\dimen173
\pIIe@tempdimd=\dimen174
\pIIe@tempdime=\dimen175
\pIIe@tempdimf=\dimen176
)
\c@treecount=\count280
\c@branchcount=\count281
\parentbox=\box56
\treebox=\box57
\treeboxone=\box58
\treeboxtwo=\box59
\treeboxthree=\box60
\treeboxfour=\box61
\treeboxfive=\box62
\treeboxsix=\box63
\treeboxseven=\box64
\treeboxeight=\box65
\treeboxnine=\box66
\treeboxten=\box67
\treeboxeleven=\box68
\treeboxtwelve=\box69
\treeboxthirteen=\box70
\treeboxfourteen=\box71
\treeboxfifteen=\box72
\treeboxsixteen=\box73
\treeboxseventeen=\box74
\treeboxeighteen=\box75
\treeboxnineteen=\box76
\treeboxtwenty=\box77
\treeoffsetone=\skip57
\treeoffsettwo=\skip58
\treeoffsetthree=\skip59
\treeoffsetfour=\skip60
\treeoffsetfive=\skip61
\treeoffsetsix=\skip62
\treeoffsetseven=\skip63
\treeoffseteight=\skip64
\treeoffsetnine=\skip65
\treeoffsetten=\skip66
\treeoffseteleven=\skip67
\treeoffsettwelve=\skip68
\treeoffsetthirteen=\skip69
\treeoffsetfourteen=\skip70
\treeoffsetfifteen=\skip71
\treeoffsetsixteen=\skip72
\treeoffsetseventeen=\skip73
\treeoffseteighteen=\skip74
\treeoffsetnineteen=\skip75
\treeoffsettwenty=\skip76
\treeshiftone=\skip77
\treeshifttwo=\skip78
\treeshiftthree=\skip79
\treeshiftfour=\skip80
\treeshiftfive=\skip81
\treeshiftsix=\skip82
\treeshiftseven=\skip83
\treeshifteight=\skip84
\treeshiftnine=\skip85
\treeshiftten=\skip86
\treeshifteleven=\skip87
\treeshifttwelve=\skip88
\treeshiftthirteen=\skip89
\treeshiftfourteen=\skip90
\treeshiftfifteen=\skip91
\treeshiftsixteen=\skip92
\treeshiftseventeen=\skip93
\treeshifteighteen=\skip94
\treeshiftnineteen=\skip95
\treeshifttwenty=\skip96
\treewidthone=\skip97
\treewidthtwo=\skip98
\treewidththree=\skip99
\treewidthfour=\skip100
\treewidthfive=\skip101
\treewidthsix=\skip102
\treewidthseven=\skip103
\treewidtheight=\skip104
\treewidthnine=\skip105
\treewidthten=\skip106
\treewidtheleven=\skip107
\treewidthtwelve=\skip108
\treewidththirteen=\skip109
\treewidthfourteen=\skip110
\treewidthfifteen=\skip111
\treewidthsixteen=\skip112
\treewidthseventeen=\skip113
\treewidtheighteen=\skip114
\treewidthnineteen=\skip115
\treewidthtwenty=\skip116
\daughteroffsetone=\skip117
\daughteroffsettwo=\skip118
\daughteroffsetthree=\skip119
\daughteroffsetfour=\skip120
\branchwidthone=\skip121
\branchwidthtwo=\skip122
\branchwidththree=\skip123
\branchwidthfour=\skip124
\parentoffset=\skip125
\treeoffset=\skip126
\daughteroffset=\skip127
\branchwidth=\skip128
\parentwidth=\skip129
\treewidth=\skip130
\qta=\toks36
\qtb=\toks37
\nbranches=\count282
\qroofx=\count283
\qroofy=\count284
\@qrscratchbox=\box78
) (c:/texlive/2021/texmf-dist/tex/latex/hyperref/hyperref.sty
Package: hyperref 2021-06-07 v7.00m Hypertext links for LaTeX
 (c:/texlive/2021/texmf-dist/tex/generic/ltxcmds/ltxcmds.sty
Package: ltxcmds 2020-05-10 v1.25 LaTeX kernel commands for general use (HO)
) (c:/texlive/2021/texmf-dist/tex/generic/pdftexcmds/pdftexcmds.sty
Package: pdftexcmds 2020-06-27 v0.33 Utility functions of pdfTeX for LuaTeX (HO)
 (c:/texlive/2021/texmf-dist/tex/generic/infwarerr/infwarerr.sty
Package: infwarerr 2019/12/03 v1.5 Providing info/warning/error messages (HO)
)
Package pdftexcmds Info: \pdf@primitive is available.
Package pdftexcmds Info: \pdf@ifprimitive is available.
Package pdftexcmds Info: \pdfdraftmode found.
) (c:/texlive/2021/texmf-dist/tex/generic/kvsetkeys/kvsetkeys.sty
Package: kvsetkeys 2019/12/15 v1.18 Key value parser (HO)
) (c:/texlive/2021/texmf-dist/tex/generic/kvdefinekeys/kvdefinekeys.sty
Package: kvdefinekeys 2019-12-19 v1.6 Define keys (HO)
) (c:/texlive/2021/texmf-dist/tex/generic/pdfescape/pdfescape.sty
Package: pdfescape 2019/12/09 v1.15 Implements pdfTeX's escape features (HO)
) (c:/texlive/2021/texmf-dist/tex/latex/hycolor/hycolor.sty
Package: hycolor 2020-01-27 v1.10 Color options for hyperref/bookmark (HO)
) (c:/texlive/2021/texmf-dist/tex/latex/letltxmacro/letltxmacro.sty
Package: letltxmacro 2019/12/03 v1.6 Let assignment for LaTeX macros (HO)
) (c:/texlive/2021/texmf-dist/tex/latex/auxhook/auxhook.sty
Package: auxhook 2019-12-17 v1.6 Hooks for auxiliary files (HO)
) (c:/texlive/2021/texmf-dist/tex/latex/kvoptions/kvoptions.sty
Package: kvoptions 2020-10-07 v3.14 Key value format for package options (HO)
)
\@linkdim=\dimen177
\Hy@linkcounter=\count285
\Hy@pagecounter=\count286
 (c:/texlive/2021/texmf-dist/tex/latex/hyperref/pd1enc.def
File: pd1enc.def 2021-06-07 v7.00m Hyperref: PDFDocEncoding definition (HO)
Now handling font encoding PD1 ...
... no UTF-8 mapping file for font encoding PD1
) (c:/texlive/2021/texmf-dist/tex/latex/hyperref/hyperref-langpatches.def
File: hyperref-langpatches.def 2021-06-07 v7.00m Hyperref: patches for babel languages
) (c:/texlive/2021/texmf-dist/tex/generic/intcalc/intcalc.sty
Package: intcalc 2019/12/15 v1.3 Expandable calculations with integers (HO)
) (c:/texlive/2021/texmf-dist/tex/generic/etexcmds/etexcmds.sty
Package: etexcmds 2019/12/15 v1.7 Avoid name clashes with e-TeX commands (HO)
)
\Hy@SavedSpaceFactor=\count287
 (c:/texlive/2021/texmf-dist/tex/latex/hyperref/puenc.def
File: puenc.def 2021-06-07 v7.00m Hyperref: PDF Unicode definition (HO)
Now handling font encoding PU ...
... no UTF-8 mapping file for font encoding PU
)
Package hyperref Info: Hyper figures OFF on input line 4192.
Package hyperref Info: Link nesting OFF on input line 4197.
Package hyperref Info: Hyper index ON on input line 4200.
Package hyperref Info: Plain pages OFF on input line 4207.
Package hyperref Info: Backreferencing OFF on input line 4212.
Package hyperref Info: Implicit mode ON; LaTeX internals redefined.
Package hyperref Info: Bookmarks ON on input line 4445.
\c@Hy@tempcnt=\count288
 (c:/texlive/2021/texmf-dist/tex/latex/url/url.sty
\Urlmuskip=\muskip17
Package: url 2013/09/16  ver 3.4  Verb mode for urls, etc.
)
LaTeX Info: Redefining \url on input line 4804.
\XeTeXLinkMargin=\dimen178
 (c:/texlive/2021/texmf-dist/tex/generic/bitset/bitset.sty
Package: bitset 2019/12/09 v1.3 Handle bit-vector datatype (HO)
 (c:/texlive/2021/texmf-dist/tex/generic/bigintcalc/bigintcalc.sty
Package: bigintcalc 2019/12/15 v1.5 Expandable calculations on big integers (HO)
))
\Fld@menulength=\count289
\Field@Width=\dimen179
\Fld@charsize=\dimen180
Package hyperref Info: Hyper figures OFF on input line 6076.
Package hyperref Info: Link nesting OFF on input line 6081.
Package hyperref Info: Hyper index ON on input line 6084.
Package hyperref Info: backreferencing OFF on input line 6091.
Package hyperref Info: Link coloring OFF on input line 6096.
Package hyperref Info: Link coloring with OCG OFF on input line 6101.
Package hyperref Info: PDF/A mode OFF on input line 6106.
LaTeX Info: Redefining \ref on input line 6146.
LaTeX Info: Redefining \pageref on input line 6150.
 (c:/texlive/2021/texmf-dist/tex/latex/base/atbegshi-ltx.sty
Package: atbegshi-ltx 2021/01/10 v1.0c Emulation of the original atbegshi
package with kernel methods
)
\Hy@abspage=\count290
\c@Item=\count291
\c@Hfootnote=\count292
)
Package hyperref Info: Driver (autodetected): hpdftex.
 (c:/texlive/2021/texmf-dist/tex/latex/hyperref/hpdftex.def
File: hpdftex.def 2021-06-07 v7.00m Hyperref driver for pdfTeX
 (c:/texlive/2021/texmf-dist/tex/latex/base/atveryend-ltx.sty
Package: atveryend-ltx 2020/08/19 v1.0a Emulation of the original atvery package
with kernel methods
)
\Fld@listcount=\count293
\c@bookmark@seq@number=\count294
 (c:/texlive/2021/texmf-dist/tex/latex/rerunfilecheck/rerunfilecheck.sty
Package: rerunfilecheck 2019/12/05 v1.9 Rerun checks for auxiliary files (HO)
 (c:/texlive/2021/texmf-dist/tex/generic/uniquecounter/uniquecounter.sty
Package: uniquecounter 2019/12/15 v1.4 Provide unlimited unique counter (HO)
)
Package uniquecounter Info: New unique counter `rerunfilecheck' on input line 286.
)
\Hy@SectionHShift=\skip131
) (c:/texlive/2021/texmf-dist/tex/latex/objectz/oz.sty
Package: oz 1999/05/24 2.46 Object Z macros
 `Object-Z Macros' 2.46 <1999/05/24> (c:/texlive/2021/texmf-dist/tex/latex/tools/calc.sty
Package: calc 2017/05/25 v4.3 Infix arithmetic (KKT,FJ)
\calc@Acount=\count295
\calc@Bcount=\count296
\calc@Adimen=\dimen181
\calc@Bdimen=\dimen182
\calc@Askip=\skip132
\calc@Bskip=\skip133
LaTeX Info: Redefining \setlength on input line 80.
LaTeX Info: Redefining \addtolength on input line 81.
\calc@Ccount=\count297
\calc@Cskip=\skip134
)
\c@mv@oz=\count298
LaTeX Font Info:    Overwriting math alphabet `\mathrm' in version `oz'
(Font)                  OT1/cmr/m/n --> OT1/cmr/m/n on input line 71.
LaTeX Font Info:    Overwriting math alphabet `\mathbf' in version `oz'
(Font)                  OT1/cmr/bx/n --> OT1/cmr/bx/n on input line 71.
LaTeX Font Info:    Overwriting math alphabet `\mathsf' in version `oz'
(Font)                  OT1/cmss/m/n --> OT1/cmss/m/n on input line 71.
\symitalics=\mathgroup6
LaTeX Font Info:    Redeclaring math alphabet \mathrm on input line 71.
LaTeX Font Info:    Redeclaring math alphabet \mathit on input line 71.
\symlasy=\mathgroup7
LaTeX Font Info:    Redeclaring symbol font `AMSa' on input line 71.
LaTeX Font Info:    Overwriting symbol font `AMSa' in version `normal'
(Font)                  U/msa/m/n --> U/msa/m/n on input line 71.
LaTeX Font Info:    Overwriting symbol font `AMSa' in version `bold'
(Font)                  U/msa/m/n --> U/msa/m/n on input line 71.
LaTeX Font Info:    Overwriting symbol font `AMSa' in version `oz'
(Font)                  U/msa/m/n --> U/msa/m/n on input line 71.
LaTeX Font Info:    Redeclaring symbol font `AMSb' on input line 71.
LaTeX Font Info:    Overwriting symbol font `AMSb' in version `normal'
(Font)                  U/msb/m/n --> U/msb/m/n on input line 71.
LaTeX Font Info:    Overwriting symbol font `AMSb' in version `bold'
(Font)                  U/msb/m/n --> U/msb/m/n on input line 71.
LaTeX Font Info:    Overwriting symbol font `AMSb' in version `oz'
(Font)                  U/msb/m/n --> U/msb/m/n on input line 71.
\strutbox@=\box79
\big@size=\dimen183
LaTeX Font Info:    Redeclaring math symbol \boxdot on input line 362.
LaTeX Font Info:    Redeclaring math symbol \boxplus on input line 362.
LaTeX Font Info:    Redeclaring math symbol \boxtimes on input line 362.
LaTeX Font Info:    Redeclaring math symbol \square on input line 362.
LaTeX Font Info:    Redeclaring math symbol \blacksquare on input line 362.
LaTeX Font Info:    Redeclaring math symbol \centerdot on input line 362.
LaTeX Font Info:    Redeclaring math symbol \lozenge on input line 362.
LaTeX Font Info:    Redeclaring math symbol \blacklozenge on input line 362.
LaTeX Font Info:    Redeclaring math symbol \circlearrowright on input line 362.
LaTeX Font Info:    Redeclaring math symbol \circlearrowleft on input line 362.
LaTeX Font Info:    Redeclaring math symbol \leftrightharpoons on input line 362.
LaTeX Font Info:    Redeclaring math symbol \boxminus on input line 362.
LaTeX Font Info:    Redeclaring math symbol \Vdash on input line 362.
LaTeX Font Info:    Redeclaring math symbol \Vvdash on input line 362.
LaTeX Font Info:    Redeclaring math symbol \vDash on input line 362.
LaTeX Font Info:    Redeclaring math symbol \twoheadrightarrow on input line 362.
LaTeX Font Info:    Redeclaring math symbol \twoheadleftarrow on input line 362.
LaTeX Font Info:    Redeclaring math symbol \leftleftarrows on input line 362.
LaTeX Font Info:    Redeclaring math symbol \rightrightarrows on input line 362.
LaTeX Font Info:    Redeclaring math symbol \upuparrows on input line 362.
LaTeX Font Info:    Redeclaring math symbol \downdownarrows on input line 362.
LaTeX Font Info:    Redeclaring math symbol \upharpoonright on input line 362.
LaTeX Font Info:    Redeclaring math symbol \downharpoonright on input line 362.
LaTeX Font Info:    Redeclaring math symbol \upharpoonleft on input line 362.
LaTeX Font Info:    Redeclaring math symbol \downharpoonleft on input line 362.
LaTeX Font Info:    Redeclaring math symbol \rightarrowtail on input line 362.
LaTeX Font Info:    Redeclaring math symbol \leftarrowtail on input line 362.
LaTeX Font Info:    Redeclaring math symbol \leftrightarrows on input line 362.
LaTeX Font Info:    Redeclaring math symbol \rightleftarrows on input line 362.
LaTeX Font Info:    Redeclaring math symbol \Lsh on input line 362.
LaTeX Font Info:    Redeclaring math symbol \Rsh on input line 362.
LaTeX Font Info:    Redeclaring math symbol \rightsquigarrow on input line 362.
LaTeX Font Info:    Redeclaring math symbol \leftrightsquigarrow on input line 362.
LaTeX Font Info:    Redeclaring math symbol \looparrowleft on input line 362.
LaTeX Font Info:    Redeclaring math symbol \looparrowright on input line 362.
LaTeX Font Info:    Redeclaring math symbol \circeq on input line 362.
LaTeX Font Info:    Redeclaring math symbol \succsim on input line 362.
LaTeX Font Info:    Redeclaring math symbol \gtrsim on input line 362.
LaTeX Font Info:    Redeclaring math symbol \gtrapprox on input line 362.
LaTeX Font Info:    Redeclaring math symbol \multimap on input line 362.
LaTeX Font Info:    Redeclaring math symbol \therefore on input line 362.
LaTeX Font Info:    Redeclaring math symbol \because on input line 362.
LaTeX Font Info:    Redeclaring math symbol \doteqdot on input line 362.
LaTeX Font Info:    Redeclaring math symbol \triangleq on input line 362.
LaTeX Font Info:    Redeclaring math symbol \precsim on input line 362.
LaTeX Font Info:    Redeclaring math symbol \lesssim on input line 362.
LaTeX Font Info:    Redeclaring math symbol \lessapprox on input line 362.
LaTeX Font Info:    Redeclaring math symbol \eqslantless on input line 362.
LaTeX Font Info:    Redeclaring math symbol \eqslantgtr on input line 362.
LaTeX Font Info:    Redeclaring math symbol \curlyeqprec on input line 362.
LaTeX Font Info:    Redeclaring math symbol \curlyeqsucc on input line 362.
LaTeX Font Info:    Redeclaring math symbol \preccurlyeq on input line 362.
LaTeX Font Info:    Redeclaring math symbol \leqq on input line 362.
LaTeX Font Info:    Redeclaring math symbol \leqslant on input line 362.
LaTeX Font Info:    Redeclaring math symbol \lessgtr on input line 362.
LaTeX Font Info:    Redeclaring math symbol \backprime on input line 362.
LaTeX Font Info:    Redeclaring math symbol \risingdotseq on input line 362.
LaTeX Font Info:    Redeclaring math symbol \fallingdotseq on input line 362.
LaTeX Font Info:    Redeclaring math symbol \succcurlyeq on input line 362.
LaTeX Font Info:    Redeclaring math symbol \geqq on input line 362.
LaTeX Font Info:    Redeclaring math symbol \geqslant on input line 362.
LaTeX Font Info:    Redeclaring math symbol \gtrless on input line 362.
LaTeX Font Info:    Redeclaring math symbol \sqsubset on input line 362.
LaTeX Font Info:    Redeclaring math symbol \sqsupset on input line 362.
LaTeX Font Info:    Redeclaring math symbol \vartriangleright on input line 362.
LaTeX Font Info:    Redeclaring math symbol \vartriangleleft on input line 362.
LaTeX Font Info:    Redeclaring math symbol \trianglerighteq on input line 362.
LaTeX Font Info:    Redeclaring math symbol \trianglelefteq on input line 362.
LaTeX Font Info:    Redeclaring math symbol \bigstar on input line 362.
LaTeX Font Info:    Redeclaring math symbol \between on input line 362.
LaTeX Font Info:    Redeclaring math symbol \blacktriangledown on input line 362.
LaTeX Font Info:    Redeclaring math symbol \blacktriangleright on input line 362.
LaTeX Font Info:    Redeclaring math symbol \blacktriangleleft on input line 362.
LaTeX Font Info:    Redeclaring math symbol \vartriangle on input line 362.
LaTeX Font Info:    Redeclaring math symbol \blacktriangle on input line 362.
LaTeX Font Info:    Redeclaring math symbol \triangledown on input line 362.
LaTeX Font Info:    Redeclaring math symbol \eqcirc on input line 362.
LaTeX Font Info:    Redeclaring math symbol \lesseqgtr on input line 362.
LaTeX Font Info:    Redeclaring math symbol \gtreqless on input line 362.
LaTeX Font Info:    Redeclaring math symbol \lesseqqgtr on input line 362.
LaTeX Font Info:    Redeclaring math symbol \gtreqqless on input line 362.
LaTeX Font Info:    Redeclaring math symbol \Rrightarrow on input line 362.
LaTeX Font Info:    Redeclaring math symbol \Lleftarrow on input line 362.
LaTeX Font Info:    Redeclaring math symbol \veebar on input line 362.
LaTeX Font Info:    Redeclaring math symbol \barwedge on input line 362.
LaTeX Font Info:    Redeclaring math symbol \doublebarwedge on input line 362.
LaTeX Font Info:    Redeclaring math symbol \measuredangle on input line 362.
LaTeX Font Info:    Redeclaring math symbol \sphericalangle on input line 362.
LaTeX Font Info:    Redeclaring math symbol \varpropto on input line 362.
LaTeX Font Info:    Redeclaring math symbol \smallsmile on input line 362.
LaTeX Font Info:    Redeclaring math symbol \smallfrown on input line 362.
LaTeX Font Info:    Redeclaring math symbol \Subset on input line 362.
LaTeX Font Info:    Redeclaring math symbol \Supset on input line 362.
LaTeX Font Info:    Redeclaring math symbol \Cup on input line 362.
LaTeX Font Info:    Redeclaring math symbol \Cap on input line 362.
LaTeX Font Info:    Redeclaring math symbol \curlywedge on input line 362.
LaTeX Font Info:    Redeclaring math symbol \curlyvee on input line 362.
LaTeX Font Info:    Redeclaring math symbol \leftthreetimes on input line 362.
LaTeX Font Info:    Redeclaring math symbol \rightthreetimes on input line 362.
LaTeX Font Info:    Redeclaring math symbol \subseteqq on input line 362.
LaTeX Font Info:    Redeclaring math symbol \supseteqq on input line 362.
LaTeX Font Info:    Redeclaring math symbol \bumpeq on input line 362.
LaTeX Font Info:    Redeclaring math symbol \Bumpeq on input line 362.
LaTeX Font Info:    Redeclaring math symbol \lll on input line 362.
LaTeX Font Info:    Redeclaring math symbol \ggg on input line 362.
LaTeX Font Info:    Redeclaring math delimiter \ulcorner on input line 362.
LaTeX Font Info:    Redeclaring math delimiter \urcorner on input line 362.
LaTeX Font Info:    Redeclaring math delimiter \llcorner on input line 362.
LaTeX Font Info:    Redeclaring math delimiter \lrcorner on input line 362.
LaTeX Font Info:    Redeclaring math symbol \circledS on input line 362.
LaTeX Font Info:    Redeclaring math symbol \pitchfork on input line 362.
LaTeX Font Info:    Redeclaring math symbol \dotplus on input line 362.
LaTeX Font Info:    Redeclaring math symbol \backsim on input line 362.
LaTeX Font Info:    Redeclaring math symbol \backsimeq on input line 362.
LaTeX Font Info:    Redeclaring math symbol \complement on input line 362.
LaTeX Font Info:    Redeclaring math symbol \intercal on input line 362.
LaTeX Font Info:    Redeclaring math symbol \circledcirc on input line 362.
LaTeX Font Info:    Redeclaring math symbol \circledast on input line 362.
LaTeX Font Info:    Redeclaring math symbol \circleddash on input line 362.
LaTeX Font Info:    Redeclaring math symbol \lvertneqq on input line 362.
LaTeX Font Info:    Redeclaring math symbol \gvertneqq on input line 362.
LaTeX Font Info:    Redeclaring math symbol \nleq on input line 362.
LaTeX Font Info:    Redeclaring math symbol \ngeq on input line 362.
LaTeX Font Info:    Redeclaring math symbol \nless on input line 362.
LaTeX Font Info:    Redeclaring math symbol \ngtr on input line 362.
LaTeX Font Info:    Redeclaring math symbol \nprec on input line 362.
LaTeX Font Info:    Redeclaring math symbol \nsucc on input line 362.
LaTeX Font Info:    Redeclaring math symbol \lneqq on input line 362.
LaTeX Font Info:    Redeclaring math symbol \gneqq on input line 362.
LaTeX Font Info:    Redeclaring math symbol \nleqslant on input line 362.
LaTeX Font Info:    Redeclaring math symbol \ngeqslant on input line 362.
LaTeX Font Info:    Redeclaring math symbol \lneq on input line 362.
LaTeX Font Info:    Redeclaring math symbol \gneq on input line 362.
LaTeX Font Info:    Redeclaring math symbol \npreceq on input line 362.
LaTeX Font Info:    Redeclaring math symbol \nsucceq on input line 362.
LaTeX Font Info:    Redeclaring math symbol \precnsim on input line 362.
LaTeX Font Info:    Redeclaring math symbol \succnsim on input line 362.
LaTeX Font Info:    Redeclaring math symbol \lnsim on input line 362.
LaTeX Font Info:    Redeclaring math symbol \gnsim on input line 362.
LaTeX Font Info:    Redeclaring math symbol \nleqq on input line 362.
LaTeX Font Info:    Redeclaring math symbol \ngeqq on input line 362.
LaTeX Font Info:    Redeclaring math symbol \precneqq on input line 362.
LaTeX Font Info:    Redeclaring math symbol \succneqq on input line 362.
LaTeX Font Info:    Redeclaring math symbol \precnapprox on input line 362.
LaTeX Font Info:    Redeclaring math symbol \succnapprox on input line 362.
LaTeX Font Info:    Redeclaring math symbol \lnapprox on input line 362.
LaTeX Font Info:    Redeclaring math symbol \gnapprox on input line 362.
LaTeX Font Info:    Redeclaring math symbol \nsim on input line 362.
LaTeX Font Info:    Redeclaring math symbol \ncong on input line 362.
LaTeX Font Info:    Redeclaring math symbol \nsubseteqq on input line 362.
LaTeX Font Info:    Redeclaring math symbol \nsupseteqq on input line 362.
LaTeX Font Info:    Redeclaring math symbol \subsetneqq on input line 362.
LaTeX Font Info:    Redeclaring math symbol \supsetneqq on input line 362.
LaTeX Font Info:    Redeclaring math symbol \subsetneq on input line 362.
LaTeX Font Info:    Redeclaring math symbol \supsetneq on input line 362.
LaTeX Font Info:    Redeclaring math symbol \nsubseteq on input line 362.
LaTeX Font Info:    Redeclaring math symbol \nsupseteq on input line 362.
LaTeX Font Info:    Redeclaring math symbol \nparallel on input line 362.
LaTeX Font Info:    Redeclaring math symbol \nmid on input line 362.
LaTeX Font Info:    Redeclaring math symbol \nshortmid on input line 362.
LaTeX Font Info:    Redeclaring math symbol \nshortparallel on input line 362.
LaTeX Font Info:    Redeclaring math symbol \nvdash on input line 362.
LaTeX Font Info:    Redeclaring math symbol \nVdash on input line 362.
LaTeX Font Info:    Redeclaring math symbol \nvDash on input line 362.
LaTeX Font Info:    Redeclaring math symbol \nVDash on input line 362.
LaTeX Font Info:    Redeclaring math symbol \ntrianglerighteq on input line 362.
LaTeX Font Info:    Redeclaring math symbol \ntrianglelefteq on input line 362.
LaTeX Font Info:    Redeclaring math symbol \ntriangleleft on input line 362.
LaTeX Font Info:    Redeclaring math symbol \ntriangleright on input line 362.
LaTeX Font Info:    Redeclaring math symbol \nleftarrow on input line 362.
LaTeX Font Info:    Redeclaring math symbol \nrightarrow on input line 362.
LaTeX Font Info:    Redeclaring math symbol \nLeftarrow on input line 362.
LaTeX Font Info:    Redeclaring math symbol \nRightarrow on input line 362.
LaTeX Font Info:    Redeclaring math symbol \nLeftrightarrow on input line 362.
LaTeX Font Info:    Redeclaring math symbol \nleftrightarrow on input line 362.
LaTeX Font Info:    Redeclaring math symbol \divideontimes on input line 362.
LaTeX Font Info:    Redeclaring math symbol \varnothing on input line 362.
LaTeX Font Info:    Redeclaring math symbol \mho on input line 362.
LaTeX Font Info:    Redeclaring math symbol \eth on input line 362.
LaTeX Font Info:    Redeclaring math symbol \eqsim on input line 362.
LaTeX Font Info:    Redeclaring math symbol \beth on input line 362.
LaTeX Font Info:    Redeclaring math symbol \gimel on input line 362.
LaTeX Font Info:    Redeclaring math symbol \daleth on input line 362.
LaTeX Font Info:    Redeclaring math symbol \lessdot on input line 362.
LaTeX Font Info:    Redeclaring math symbol \gtrdot on input line 362.
LaTeX Font Info:    Redeclaring math symbol \ltimes on input line 362.
LaTeX Font Info:    Redeclaring math symbol \rtimes on input line 362.
LaTeX Font Info:    Redeclaring math symbol \shortmid on input line 362.
LaTeX Font Info:    Redeclaring math symbol \shortparallel on input line 362.
LaTeX Font Info:    Redeclaring math symbol \smallsetminus on input line 362.
LaTeX Font Info:    Redeclaring math symbol \thicksim on input line 362.
LaTeX Font Info:    Redeclaring math symbol \thickapprox on input line 362.
LaTeX Font Info:    Redeclaring math symbol \approxeq on input line 362.
LaTeX Font Info:    Redeclaring math symbol \succapprox on input line 362.
LaTeX Font Info:    Redeclaring math symbol \precapprox on input line 362.
LaTeX Font Info:    Redeclaring math symbol \curvearrowleft on input line 362.
LaTeX Font Info:    Redeclaring math symbol \curvearrowright on input line 362.
LaTeX Font Info:    Redeclaring math symbol \digamma on input line 362.
LaTeX Font Info:    Redeclaring math symbol \varkappa on input line 362.
LaTeX Font Info:    Redeclaring math symbol \hslash on input line 362.
LaTeX Font Info:    Redeclaring math symbol \hbar on input line 362.
LaTeX Font Info:    Redeclaring math symbol \backepsilon on input line 362.
\z@combox=\box80
\z@wdcalc=\dimen184
\z@stackmin=\count299
\z@stackmax=\count300
\z@stacktop=\count301
\@gtempa=\dimen185
\@gtempa=\dimen186
\@gtempa=\dimen187
\@gtempa=\dimen188
\@gtempa=\dimen189
\@gtempa=\dimen190
\@gtempa=\dimen191
\@gtempa=\dimen192
\@gtempa=\dimen193
\@gtempa=\dimen194
\@gtempa=\dimen195
\@gtempa=\dimen196
\@gtempa=\dimen197
\@gtempa=\dimen198
\@gtempa=\dimen199
\@gtempa=\dimen256
\@gtempa=\dimen257
\@gtempa=\dimen258
\@gtempa=\dimen259
\@gtempa=\dimen260
\@gtempa=\dimen261
\@gtempa=\dimen262
\@gtempa=\dimen263
\@gtempa=\dimen264
\@gtempa=\dimen265
\@gtempa=\dimen266
\@gtempa=\dimen267
\@gtempa=\dimen268
\@gtempa=\dimen269
\@gtempa=\dimen270
\@gtempa=\dimen271
\@gtempa=\dimen272
\@gtempa=\dimen273
\@gtempa=\dimen274
\@gtempa=\dimen275
\@gtempa=\dimen276
\@gtempa=\dimen277
\@gtempa=\dimen278
\@gtempa=\dimen279
\@gtempa=\dimen280
\@gtempa=\dimen281
\@gtempa=\dimen282
\@gtempa=\dimen283
\@gtempa=\dimen284
\@gtempa=\dimen285
\@gtempa=\dimen286
\@gtempa=\dimen287
\@gtempa=\dimen288
\@gtempa=\dimen289
\@gtempa=\dimen290
\z@curline=\box81
\z@curindent=\dimen291
\z@curfield=\box82
\zedindent=\dimen292
\zedleftsep=\dimen293
\zedtab=\dimen294
\zedbar=\dimen295
\zedlinethickness=\dimen296
\zedcornerheight=\dimen297
\z@cols=\count302
\zedbaselineskip=\skip135
\zstrutbox=\box83
\interzedlinepenalty=\count303
\preboxpenalty=\count304
\forcepagepenalty=\count305
\z@adskip=\skip136
\z@bdskip=\skip137
\z@adsskip=\skip138
\z@bdsskip=\skip139
\z@temp=\dimen298
) (c:/texlive/2021/texmf-dist/tex/latex/titlepic/titlepic.sty
Package: titlepic 2017/03/14 1.2 Package to display a picture on the title page
) (c:/texlive/2021/texmf-dist/tex/latex/fancyvrb/fancyvrb.sty
Package: fancyvrb 2021/08/12 v3.8 verbatim text (tvz,hv)
\FV@CodeLineNo=\count306
\FV@InFile=\read3
\FV@TabBox=\box84
\c@FancyVerbLine=\count307
\FV@StepNumber=\count308
\FV@OutFile=\write3
) (c:/texlive/2021/texmf-dist/tex/latex/epstopdf-pkg/epstopdf.sty
Package: epstopdf 2020-01-24 v2.11 Conversion with epstopdf on the fly (HO)
 (c:/texlive/2021/texmf-dist/tex/latex/grfext/grfext.sty
Package: grfext 2019/12/03 v1.3 Manage graphics extensions (HO)
) (c:/texlive/2021/texmf-dist/tex/latex/epstopdf-pkg/epstopdf-base.sty
Package: epstopdf-base 2020-01-24 v2.11 Base part for package epstopdf
Package epstopdf-base Info: Redefining graphics rule for `.eps' on input line 485.
Package grfext Info: Graphics extension search list:
(grfext)             [.pdf,.png,.jpg,.mps,.jpeg,.jbig2,.jb2,.PDF,.PNG,.JPG,.JPEG,.JBIG2,.JB2,.eps]
(grfext)             \AppendGraphicsExtensions on input line 504.
 (c:/texlive/2021/texmf-dist/tex/latex/latexconfig/epstopdf-sys.cfg
File: epstopdf-sys.cfg 2010/07/13 v1.3 Configuration of (r)epstopdf for TeX Live
))) (c:/texlive/2021/texmf-dist/tex/generic/soul/soul.sty
Package: soul 2003/11/17 v2.4 letterspacing/underlining (mf)
\SOUL@word=\toks38
\SOUL@lasttoken=\toks39
\SOUL@cmds=\toks40
\SOUL@buffer=\toks41
\SOUL@token=\toks42
\SOUL@spaceskip=\skip140
\SOUL@ttwidth=\dimen299
\SOUL@uldp=\dimen300
\SOUL@ulht=\dimen301
) (c:/texlive/2021/texmf-dist/tex/latex/l3backend/l3backend-pdftex.def
File: l3backend-pdftex.def 2021-08-04 L3 backend support: PDF output (pdfTeX)
\l__color_backend_stack_int=\count309
\l__pdf_internal_box=\box85
) (./assignment2.aux)
\openout1 = `assignment2.aux'.

LaTeX Font Info:    Checking defaults for OML/cmm/m/it on input line 37.
LaTeX Font Info:    ... okay on input line 37.
LaTeX Font Info:    Checking defaults for OMS/cmsy/m/n on input line 37.
LaTeX Font Info:    ... okay on input line 37.
LaTeX Font Info:    Checking defaults for OT1/cmr/m/n on input line 37.
LaTeX Font Info:    ... okay on input line 37.
LaTeX Font Info:    Checking defaults for T1/cmr/m/n on input line 37.
LaTeX Font Info:    ... okay on input line 37.
LaTeX Font Info:    Checking defaults for TS1/cmr/m/n on input line 37.
LaTeX Font Info:    ... okay on input line 37.
LaTeX Font Info:    Checking defaults for OMX/cmex/m/n on input line 37.
LaTeX Font Info:    ... okay on input line 37.
LaTeX Font Info:    Checking defaults for U/cmr/m/n on input line 37.
LaTeX Font Info:    ... okay on input line 37.
LaTeX Font Info:    Checking defaults for PD1/pdf/m/n on input line 37.
LaTeX Font Info:    ... okay on input line 37.
LaTeX Font Info:    Checking defaults for PU/pdf/m/n on input line 37.
LaTeX Font Info:    ... okay on input line 37.

*geometry* driver: auto-detecting
*geometry* detected driver: pdftex
*geometry* verbose mode - [ preamble ] result:
* driver: pdftex
* paper: <default>
* layout: <same size as paper>
* layoutoffset:(h,v)=(0.0pt,0.0pt)
* modes: 
* h-part:(L,W,R)=(72.26999pt, 469.75502pt, 72.26999pt)
* v-part:(T,H,B)=(72.26999pt, 650.43001pt, 72.26999pt)
* \paperwidth=614.295pt
* \paperheight=794.96999pt
* \textwidth=469.75502pt
* \textheight=650.43001pt
* \oddsidemargin=0.0pt
* \evensidemargin=0.0pt
* \topmargin=-37.0pt
* \headheight=12.0pt
* \headsep=25.0pt
* \topskip=12.0pt
* \footskip=30.0pt
* \marginparwidth=44.0pt
* \marginparsep=10.0pt
* \columnsep=10.0pt
* \skip\footins=10.8pt plus 4.0pt minus 2.0pt
* \hoffset=0.0pt
* \voffset=0.0pt
* \mag=1000
* \@twocolumnfalse
* \@twosidefalse
* \@mparswitchfalse
* \@reversemarginfalse
* (1in=72.27pt=25.4mm, 1cm=28.453pt)

(c:/texlive/2021/texmf-dist/tex/context/base/mkii/supp-pdf.mkii
[Loading MPS to PDF converter (version 2006.09.02).]
\scratchcounter=\count310
\scratchdimen=\dimen302
\scratchbox=\box86
\nofMPsegments=\count311
\nofMParguments=\count312
\everyMPshowfont=\toks43
\MPscratchCnt=\count313
\MPscratchDim=\dimen303
\MPnumerator=\count314
\makeMPintoPDFobject=\count315
\everyMPtoPDFconversion=\toks44
)
\c@lstlisting=\count316
Package hyperref Info: Link coloring OFF on input line 37.
 (c:/texlive/2021/texmf-dist/tex/latex/hyperref/nameref.sty
Package: nameref 2021-04-02 v2.47 Cross-referencing by name of section
 (c:/texlive/2021/texmf-dist/tex/latex/refcount/refcount.sty
Package: refcount 2019/12/15 v3.6 Data extraction from label references (HO)
) (c:/texlive/2021/texmf-dist/tex/generic/gettitlestring/gettitlestring.sty
Package: gettitlestring 2019/12/15 v1.6 Cleanup title references (HO)
)
\c@section@level=\count317
)
LaTeX Info: Redefining \ref on input line 37.
LaTeX Info: Redefining \pageref on input line 37.
LaTeX Info: Redefining \nameref on input line 37.
 (./assignment2.out) (./assignment2.out)
\@outlinefile=\write4
\openout4 = `assignment2.out'.

LaTeX Font Info:    Trying to load font information for U+msa on input line 39.
 (c:/texlive/2021/texmf-dist/tex/latex/amsfonts/umsa.fd
File: umsa.fd 2013/01/14 v3.01 AMS symbols A
)
LaTeX Font Info:    Trying to load font information for U+msb on input line 39.
 (c:/texlive/2021/texmf-dist/tex/latex/amsfonts/umsb.fd
File: umsb.fd 2013/01/14 v3.01 AMS symbols B
)
LaTeX Font Info:    Trying to load font information for U+lasy on input line 39.
 (c:/texlive/2021/texmf-dist/tex/latex/base/ulasy.fd
File: ulasy.fd 1998/08/17 v2.2e LaTeX symbol font definitions
) [1

{c:/texlive/2021/texmf-var/fonts/map/pdftex/updmap/pdftex.map}] (./assignment2.toc)
\tf@toc=\write5
\openout5 = `assignment2.toc'.

 [2] [3] [4] [5] [6] [7]
Overfull \hbox (22.58289pt too wide) in alignment at lines 190--227
[] []
 []

[8]
Overfull \hbox (66.1307pt too wide) in alignment at lines 229--249
[] []
 []

[9] [10] [11] (./assignment2.aux)
Package rerunfilecheck Info: File `assignment2.out' has not changed.
(rerunfilecheck)             Checksum: 866472BFAE4AE5911071183973851566;1783.
 ) 
Here is how much of TeX's memory you used:
 12624 strings out of 478599
 178808 string characters out of 5858100
 517354 words of memory out of 5000000
 30282 multiletter control sequences out of 15000+600000
 416521 words of font info for 79 fonts, out of 8000000 for 9000
 1141 hyphenation exceptions out of 8191
 60i,16n,66p,593b,1492s stack positions out of 5000i,500n,10000p,200000b,80000s
{c:/texlive/2021/texmf-dist/fonts/enc/dvips/cm-super/cm-super-ts1.enc}<c:/texlive/2021/texmf-dist/fonts/type1/public/amsfonts/cm/cmbx12.pfb><c:/texlive/2021/texmf-dist/fonts/type1/public/amsfonts/cm/cmmi12.pfb><c:/texlive/2021/texmf-dist/fonts/type1/public/amsfonts/cm/cmr12.pfb><c:/texlive/2021/texmf-dist/fonts/type1/public/amsfonts/cm/cmr17.pfb><c:/texlive/2021/texmf-dist/fonts/type1/public/amsfonts/cm/cmr8.pfb><c:/texlive/2021/texmf-dist/fonts/type1/public/amsfonts/cm/cmsy10.pfb><c:/texlive/2021/texmf-dist/fonts/type1/public/amsfonts/cm/cmsy8.pfb><c:/texlive/2021/texmf-dist/fonts/type1/public/amsfonts/cm/cmti12.pfb><c:/texlive/2021/texmf-dist/fonts/type1/public/amsfonts/cm/cmti8.pfb><c:/texlive/2021/texmf-dist/fonts/type1/public/amsfonts/cm/cmtt12.pfb><c:/texlive/2021/texmf-dist/fonts/type1/public/amsfonts/symbols/msam10.pfb><c:/texlive/2021/texmf-dist/fonts/type1/public/amsfonts/symbols/msbm10.pfb><c:/texlive/2021/texmf-dist/fonts/type1/public/cm-super/sfrm1200.pfb>
Output written on assignment2.pdf (11 pages, 154050 bytes).
PDF statistics:
 179 PDF objects out of 1000 (max. 8388607)
 138 compressed objects within 2 object streams
 23 named destinations out of 1000 (max. 500000)
 81 words of extra memory for PDF output out of 10000 (max. 10000000)

